<?xml version="1.0" encoding="UTF-8"?>
<!-- Generated by org.testng.reporters.JUnitXMLReporter -->
<testsuite ignored="0" hostname="Nik" failures="1" tests="2" name="Amazon Test" time="10.176" errors="0" timestamp="2024-01-03T15:08:11 IST">
  <testcase classname="com.simplilearn.testng.StarHealth" name="test1" time="0.161"/>
  <testcase classname="com.simplilearn.testng.StarHealth" name="test2" time="0.0">
    <failure type="org.testng.TestNGException" message="
Method test2 requires 1 parameters but 3 were supplied in the @Test annotation.">
      <![CDATA[org.testng.TestNGException: 
Method test2 requires 1 parameters but 3 were supplied in the @Test annotation.
at java.base/java.util.ArrayList.forEach(ArrayList.java:1511)
... Removed 26 stack frames]]>
    </failure>
  </testcase> <!-- test2 -->
</testsuite> <!-- Amazon Test -->
